[debug] [2025-12-04T17:05:33.043Z] ----------------------------------------------------------------------
[debug] [2025-12-04T17:05:33.046Z] Command:       C:\Program Files\nodejs\node.exe C:\Users\demia\AppData\Roaming\npm\node_modules\firebase-tools\lib\bin\firebase.js deploy --only hosting
[debug] [2025-12-04T17:05:33.046Z] CLI Version:   14.15.1
[debug] [2025-12-04T17:05:33.047Z] Platform:      win32
[debug] [2025-12-04T17:05:33.047Z] Node Version:  v25.2.1
[debug] [2025-12-04T17:05:33.047Z] Time:          Thu Dec 04 2025 18:05:33 GMT+0100 (Central European Standard Time)
[debug] [2025-12-04T17:05:33.047Z] ----------------------------------------------------------------------
[debug] 
[debug] [2025-12-04T17:05:33.050Z] >>> [apiv2][query] GET https://firebase-public.firebaseio.com/cli.json [none]
[debug] [2025-12-04T17:05:33.329Z] Field "/functions" in "firebase.json" is possibly invalid: must be object
[debug] [2025-12-04T17:05:33.330Z] Object "/functions/0" in "firebase.json" has unknown property: {"additionalProperty":"timeoutSeconds"}
[debug] [2025-12-04T17:05:33.330Z] Field "/functions" in "firebase.json" is possibly invalid: must match a schema in anyOf
[debug] [2025-12-04T17:05:33.337Z] > command requires scopes: ["email","openid","https://www.googleapis.com/auth/cloudplatformprojects.readonly","https://www.googleapis.com/auth/firebase","https://www.googleapis.com/auth/cloud-platform"]
[debug] [2025-12-04T17:05:33.337Z] > authorizing via signed-in user (demian.brunt@gmail.com)
[debug] [2025-12-04T17:05:33.337Z] [iam] checking project trimsalon-9b823 for permissions ["firebase.projects.get","firebasehosting.sites.update"]
[debug] [2025-12-04T17:05:33.338Z] Checked if tokens are valid: false, expires at: 1763629515792
[debug] [2025-12-04T17:05:33.339Z] Checked if tokens are valid: false, expires at: 1763629515792
[debug] [2025-12-04T17:05:33.339Z] > refreshing access token with scopes: []
[debug] [2025-12-04T17:05:33.342Z] >>> [apiv2][query] POST https://www.googleapis.com/oauth2/v3/token [none]
[debug] [2025-12-04T17:05:33.342Z] >>> [apiv2][body] POST https://www.googleapis.com/oauth2/v3/token [omitted]
[debug] [2025-12-04T17:05:33.430Z] <<< [apiv2][status] POST https://www.googleapis.com/oauth2/v3/token 200
[debug] [2025-12-04T17:05:33.430Z] <<< [apiv2][body] POST https://www.googleapis.com/oauth2/v3/token [omitted]
[debug] [2025-12-04T17:05:33.442Z] >>> [apiv2][query] POST https://cloudresourcemanager.googleapis.com/v1/projects/trimsalon-9b823:testIamPermissions [none]
[debug] [2025-12-04T17:05:33.442Z] >>> [apiv2][(partial)header] POST https://cloudresourcemanager.googleapis.com/v1/projects/trimsalon-9b823:testIamPermissions x-goog-quota-user=projects/trimsalon-9b823
[debug] [2025-12-04T17:05:33.442Z] >>> [apiv2][body] POST https://cloudresourcemanager.googleapis.com/v1/projects/trimsalon-9b823:testIamPermissions {"permissions":["firebase.projects.get","firebasehosting.sites.update"]}
[debug] [2025-12-04T17:05:33.609Z] <<< [apiv2][status] GET https://firebase-public.firebaseio.com/cli.json 200
[debug] [2025-12-04T17:05:33.609Z] <<< [apiv2][body] GET https://firebase-public.firebaseio.com/cli.json {"cloudBuildErrorAfter":1594252800000,"cloudBuildWarnAfter":1590019200000,"defaultNode10After":1594252800000,"minVersion":"3.0.5","node8DeploysDisabledAfter":1613390400000,"node8RuntimeDisabledAfter":1615809600000,"node8WarnAfter":1600128000000}
[debug] [2025-12-04T17:05:34.118Z] <<< [apiv2][status] POST https://cloudresourcemanager.googleapis.com/v1/projects/trimsalon-9b823:testIamPermissions 200
[debug] [2025-12-04T17:05:34.119Z] <<< [apiv2][body] POST https://cloudresourcemanager.googleapis.com/v1/projects/trimsalon-9b823:testIamPermissions {"permissions":["firebase.projects.get","firebasehosting.sites.update"]}
[debug] [2025-12-04T17:05:34.119Z] Checked if tokens are valid: true, expires at: 1764871532430
[debug] [2025-12-04T17:05:34.119Z] Checked if tokens are valid: true, expires at: 1764871532430
[debug] [2025-12-04T17:05:34.120Z] >>> [apiv2][query] GET https://firebase.googleapis.com/v1beta1/projects/trimsalon-9b823 [none]
[debug] [2025-12-04T17:05:34.465Z] <<< [apiv2][status] GET https://firebase.googleapis.com/v1beta1/projects/trimsalon-9b823 200
[debug] [2025-12-04T17:05:34.465Z] <<< [apiv2][body] GET https://firebase.googleapis.com/v1beta1/projects/trimsalon-9b823 {"projectId":"trimsalon-9b823","projectNumber":"495690826928","displayName":"TrimSalon","name":"projects/trimsalon-9b823","resources":{"hostingSite":"trimsalon-9b823"},"state":"ACTIVE","etag":"1_7dd11140-4abd-4300-b916-9a77e0b380f2"}
[debug] [2025-12-04T17:05:39.329Z] Checked if tokens are valid: true, expires at: 1764871532430
[debug] [2025-12-04T17:05:39.330Z] Checked if tokens are valid: true, expires at: 1764871532430
[debug] [2025-12-04T17:05:39.330Z] >>> [apiv2][query] GET https://firebasehosting.googleapis.com/v1beta1/projects/trimsalon-9b823/sites pageToken=&pageSize=10
[debug] [2025-12-04T17:05:40.176Z] <<< [apiv2][status] GET https://firebasehosting.googleapis.com/v1beta1/projects/trimsalon-9b823/sites 200
[debug] [2025-12-04T17:05:40.176Z] <<< [apiv2][body] GET https://firebasehosting.googleapis.com/v1beta1/projects/trimsalon-9b823/sites {"sites":[{"name":"projects/trimsalon-9b823/sites/trimsalon-9b823","defaultUrl":"https://trimsalon-9b823.web.app","appId":"1:495690826928:web:b787b6ce8d5dce8d09e775","type":"DEFAULT_SITE"}]}
[debug] [2025-12-04T17:05:40.176Z] Checked if tokens are valid: true, expires at: 1764871532430
[debug] [2025-12-04T17:05:40.176Z] Checked if tokens are valid: true, expires at: 1764871532430
[debug] [2025-12-04T17:05:40.176Z] >>> [apiv2][query] GET https://firebase.googleapis.com/v1beta1/projects/-/webApps/1:495690826928:web:b787b6ce8d5dce8d09e775/config [none]
[debug] [2025-12-04T17:05:40.722Z] <<< [apiv2][status] GET https://firebase.googleapis.com/v1beta1/projects/-/webApps/1:495690826928:web:b787b6ce8d5dce8d09e775/config 200
[debug] [2025-12-04T17:05:40.722Z] <<< [apiv2][body] GET https://firebase.googleapis.com/v1beta1/projects/-/webApps/1:495690826928:web:b787b6ce8d5dce8d09e775/config {"projectId":"trimsalon-9b823","appId":"1:495690826928:web:b787b6ce8d5dce8d09e775","storageBucket":"trimsalon-9b823.firebasestorage.app","apiKey":"AIzaSyApnb2vrrWaiewHEMzn73LbyPoBaPt4FUQ","authDomain":"trimsalon-9b823.firebaseapp.com","messagingSenderId":"495690826928","measurementId":"G-KJC34PCNNY","projectNumber":"495690826928","version":"2"}
